2022-03-19 11:04:16 error: uncaughtException: require() of ES Module C:\roy-git\music-rank\node_modules\lowdb\lib\index.js from C:\roy-git\music-rank\apps\music\api\musicAPIService.js not supported.
Instead change the require of index.js in C:\roy-git\music-rank\apps\music\api\musicAPIService.js to a dynamic import() which is available in all CommonJS modules.
Error [ERR_REQUIRE_ESM]: require() of ES Module C:\roy-git\music-rank\node_modules\lowdb\lib\index.js from C:\roy-git\music-rank\apps\music\api\musicAPIService.js not supported.
Instead change the require of index.js in C:\roy-git\music-rank\apps\music\api\musicAPIService.js to a dynamic import() which is available in all CommonJS modules.
    at Object.<anonymous> (C:\roy-git\music-rank\apps\music\api\musicAPIService.js:3:13)
    at Object.<anonymous> (C:\roy-git\music-rank\apps\music\api\musicAPI.js:4:25)
    at Object.<anonymous> (C:\roy-git\music-rank\apps\music\api\index.js:5:18)
    at Object.<anonymous> (C:\roy-git\music-rank\app.js:10:24)
2022-03-19 11:05:10 error: uncaughtException: require() of ES Module C:\roy-git\music-rank\node_modules\lowdb\lib\index.js from C:\roy-git\music-rank\apps\music\api\musicAPIService.js not supported.
Instead change the require of index.js in C:\roy-git\music-rank\apps\music\api\musicAPIService.js to a dynamic import() which is available in all CommonJS modules.
Error [ERR_REQUIRE_ESM]: require() of ES Module C:\roy-git\music-rank\node_modules\lowdb\lib\index.js from C:\roy-git\music-rank\apps\music\api\musicAPIService.js not supported.
Instead change the require of index.js in C:\roy-git\music-rank\apps\music\api\musicAPIService.js to a dynamic import() which is available in all CommonJS modules.
    at Object.<anonymous> (C:\roy-git\music-rank\apps\music\api\musicAPIService.js:3:13)
    at Object.<anonymous> (C:\roy-git\music-rank\apps\music\api\musicAPI.js:4:25)
    at Object.<anonymous> (C:\roy-git\music-rank\apps\music\api\index.js:5:18)
    at Object.<anonymous> (C:\roy-git\music-rank\app.js:10:24)
2022-03-19 11:05:30 error: uncaughtException: require() of ES Module C:\roy-git\music-rank\node_modules\lowdb\lib\index.js from C:\roy-git\music-rank\apps\music\api\musicAPIService.js not supported.
Instead change the require of index.js in C:\roy-git\music-rank\apps\music\api\musicAPIService.js to a dynamic import() which is available in all CommonJS modules.
Error [ERR_REQUIRE_ESM]: require() of ES Module C:\roy-git\music-rank\node_modules\lowdb\lib\index.js from C:\roy-git\music-rank\apps\music\api\musicAPIService.js not supported.
Instead change the require of index.js in C:\roy-git\music-rank\apps\music\api\musicAPIService.js to a dynamic import() which is available in all CommonJS modules.
    at Object.<anonymous> (C:\roy-git\music-rank\apps\music\api\musicAPIService.js:3:13)
    at Object.<anonymous> (C:\roy-git\music-rank\apps\music\api\musicAPI.js:4:25)
    at Object.<anonymous> (C:\roy-git\music-rank\apps\music\api\index.js:5:18)
    at Object.<anonymous> (C:\roy-git\music-rank\app.js:10:24)
2022-03-19 11:09:25 error: uncaughtException: require() of ES Module C:\roy-git\music-rank\node_modules\lowdb\lib\index.js from C:\roy-git\music-rank\apps\music\api\musicAPIService.js not supported.
Instead change the require of index.js in C:\roy-git\music-rank\apps\music\api\musicAPIService.js to a dynamic import() which is available in all CommonJS modules.
Error [ERR_REQUIRE_ESM]: require() of ES Module C:\roy-git\music-rank\node_modules\lowdb\lib\index.js from C:\roy-git\music-rank\apps\music\api\musicAPIService.js not supported.
Instead change the require of index.js in C:\roy-git\music-rank\apps\music\api\musicAPIService.js to a dynamic import() which is available in all CommonJS modules.
    at Object.<anonymous> (C:\roy-git\music-rank\apps\music\api\musicAPIService.js:3:13)
    at Object.<anonymous> (C:\roy-git\music-rank\apps\music\api\musicAPI.js:4:25)
    at Object.<anonymous> (C:\roy-git\music-rank\apps\music\api\index.js:5:18)
    at Object.<anonymous> (C:\roy-git\music-rank\app.js:10:24)
2022-03-19 11:13:48 error: uncaughtException: require() of ES Module C:\roy-git\music-rank\node_modules\lowdb\lib\index.js from C:\roy-git\music-rank\apps\music\api\musicAPIService.js not supported.
Instead change the require of index.js in C:\roy-git\music-rank\apps\music\api\musicAPIService.js to a dynamic import() which is available in all CommonJS modules.
Error [ERR_REQUIRE_ESM]: require() of ES Module C:\roy-git\music-rank\node_modules\lowdb\lib\index.js from C:\roy-git\music-rank\apps\music\api\musicAPIService.js not supported.
Instead change the require of index.js in C:\roy-git\music-rank\apps\music\api\musicAPIService.js to a dynamic import() which is available in all CommonJS modules.
    at Object.<anonymous> (C:\roy-git\music-rank\apps\music\api\musicAPIService.js:3:13)
    at Object.<anonymous> (C:\roy-git\music-rank\apps\music\api\musicAPI.js:4:25)
    at Object.<anonymous> (C:\roy-git\music-rank\apps\music\api\index.js:5:18)
    at Object.<anonymous> (C:\roy-git\music-rank\app.js:10:24)
2022-03-19 11:30:39 error: uncaughtException: require() of ES Module C:\roy-git\music-rank\node_modules\lowdb\lib\index.js from C:\roy-git\music-rank\apps\music\api\musicAPIService.js not supported.
Instead change the require of index.js in C:\roy-git\music-rank\apps\music\api\musicAPIService.js to a dynamic import() which is available in all CommonJS modules.
Error [ERR_REQUIRE_ESM]: require() of ES Module C:\roy-git\music-rank\node_modules\lowdb\lib\index.js from C:\roy-git\music-rank\apps\music\api\musicAPIService.js not supported.
Instead change the require of index.js in C:\roy-git\music-rank\apps\music\api\musicAPIService.js to a dynamic import() which is available in all CommonJS modules.
    at Object.<anonymous> (C:\roy-git\music-rank\apps\music\api\musicAPIService.js:3:13)
    at Object.<anonymous> (C:\roy-git\music-rank\apps\music\api\musicAPI.js:4:25)
    at Object.<anonymous> (C:\roy-git\music-rank\apps\music\api\index.js:5:18)
    at Object.<anonymous> (C:\roy-git\music-rank\app.js:12:24)
2022-03-19 11:31:21 error: uncaughtException: require() of ES Module C:\roy-git\music-rank\node_modules\lowdb\lib\index.js from C:\roy-git\music-rank\apps\music\api\musicAPIService.js not supported.
Instead change the require of index.js in C:\roy-git\music-rank\apps\music\api\musicAPIService.js to a dynamic import() which is available in all CommonJS modules.
Error [ERR_REQUIRE_ESM]: require() of ES Module C:\roy-git\music-rank\node_modules\lowdb\lib\index.js from C:\roy-git\music-rank\apps\music\api\musicAPIService.js not supported.
Instead change the require of index.js in C:\roy-git\music-rank\apps\music\api\musicAPIService.js to a dynamic import() which is available in all CommonJS modules.
    at Object.<anonymous> (C:\roy-git\music-rank\apps\music\api\musicAPIService.js:3:13)
    at Object.<anonymous> (C:\roy-git\music-rank\apps\music\api\musicAPI.js:4:25)
    at Object.<anonymous> (C:\roy-git\music-rank\apps\music\api\index.js:5:18)
    at Object.<anonymous> (C:\roy-git\music-rank\app.js:10:24)
2022-03-19 11:34:15 error: uncaughtException: require() of ES Module C:\roy-git\music-rank\node_modules\lowdb\lib\index.js from C:\roy-git\music-rank\apps\music\api\musicAPIService.js not supported.
Instead change the require of index.js in C:\roy-git\music-rank\apps\music\api\musicAPIService.js to a dynamic import() which is available in all CommonJS modules.
Error [ERR_REQUIRE_ESM]: require() of ES Module C:\roy-git\music-rank\node_modules\lowdb\lib\index.js from C:\roy-git\music-rank\apps\music\api\musicAPIService.js not supported.
Instead change the require of index.js in C:\roy-git\music-rank\apps\music\api\musicAPIService.js to a dynamic import() which is available in all CommonJS modules.
    at Object.<anonymous> (C:\roy-git\music-rank\apps\music\api\musicAPIService.js:3:13)
    at Object.<anonymous> (C:\roy-git\music-rank\apps\music\api\musicAPI.js:4:25)
    at Object.<anonymous> (C:\roy-git\music-rank\apps\music\api\index.js:5:18)
    at Object.<anonymous> (C:\roy-git\music-rank\app.js:10:24)
2022-03-19 11:35:19 error: uncaughtException: require() of ES Module C:\roy-git\music-rank\node_modules\lowdb\lib\index.js from C:\roy-git\music-rank\apps\music\api\musicAPIService.js not supported.
Instead change the require of index.js in C:\roy-git\music-rank\apps\music\api\musicAPIService.js to a dynamic import() which is available in all CommonJS modules.
Error [ERR_REQUIRE_ESM]: require() of ES Module C:\roy-git\music-rank\node_modules\lowdb\lib\index.js from C:\roy-git\music-rank\apps\music\api\musicAPIService.js not supported.
Instead change the require of index.js in C:\roy-git\music-rank\apps\music\api\musicAPIService.js to a dynamic import() which is available in all CommonJS modules.
    at Object.<anonymous> (C:\roy-git\music-rank\apps\music\api\musicAPIService.js:3:13)
    at Object.<anonymous> (C:\roy-git\music-rank\apps\music\api\musicAPI.js:4:25)
    at Object.<anonymous> (C:\roy-git\music-rank\apps\music\api\index.js:5:18)
    at Object.<anonymous> (C:\roy-git\music-rank\app.js:10:24)
2022-03-19 11:35:44 error: uncaughtException: require() of ES Module C:\roy-git\music-rank\node_modules\lowdb\lib\index.js from C:\roy-git\music-rank\apps\music\api\musicAPIService.js not supported.
Instead change the require of index.js in C:\roy-git\music-rank\apps\music\api\musicAPIService.js to a dynamic import() which is available in all CommonJS modules.
Error [ERR_REQUIRE_ESM]: require() of ES Module C:\roy-git\music-rank\node_modules\lowdb\lib\index.js from C:\roy-git\music-rank\apps\music\api\musicAPIService.js not supported.
Instead change the require of index.js in C:\roy-git\music-rank\apps\music\api\musicAPIService.js to a dynamic import() which is available in all CommonJS modules.
    at Object.<anonymous> (C:\roy-git\music-rank\apps\music\api\musicAPIService.js:3:13)
    at Object.<anonymous> (C:\roy-git\music-rank\apps\music\api\musicAPI.js:4:25)
    at Object.<anonymous> (C:\roy-git\music-rank\apps\music\api\index.js:5:18)
    at Object.<anonymous> (C:\roy-git\music-rank\app.js:10:24)
2022-03-19 11:35:54 error: uncaughtException: require() of ES Module C:\roy-git\music-rank\node_modules\lowdb\lib\index.js from C:\roy-git\music-rank\apps\music\api\musicAPIService.js not supported.
Instead change the require of index.js in C:\roy-git\music-rank\apps\music\api\musicAPIService.js to a dynamic import() which is available in all CommonJS modules.
Error [ERR_REQUIRE_ESM]: require() of ES Module C:\roy-git\music-rank\node_modules\lowdb\lib\index.js from C:\roy-git\music-rank\apps\music\api\musicAPIService.js not supported.
Instead change the require of index.js in C:\roy-git\music-rank\apps\music\api\musicAPIService.js to a dynamic import() which is available in all CommonJS modules.
    at Object.<anonymous> (C:\roy-git\music-rank\apps\music\api\musicAPIService.js:3:13)
    at Object.<anonymous> (C:\roy-git\music-rank\apps\music\api\musicAPI.js:4:25)
    at Object.<anonymous> (C:\roy-git\music-rank\apps\music\api\index.js:5:18)
    at Object.<anonymous> (C:\roy-git\music-rank\app.js:10:24)
2022-03-19 11:36:15 error: uncaughtException: require() of ES Module C:\roy-git\music-rank\node_modules\lowdb\lib\index.js from C:\roy-git\music-rank\apps\music\api\musicAPIService.js not supported.
Instead change the require of index.js in C:\roy-git\music-rank\apps\music\api\musicAPIService.js to a dynamic import() which is available in all CommonJS modules.
Error [ERR_REQUIRE_ESM]: require() of ES Module C:\roy-git\music-rank\node_modules\lowdb\lib\index.js from C:\roy-git\music-rank\apps\music\api\musicAPIService.js not supported.
Instead change the require of index.js in C:\roy-git\music-rank\apps\music\api\musicAPIService.js to a dynamic import() which is available in all CommonJS modules.
    at Object.<anonymous> (C:\roy-git\music-rank\apps\music\api\musicAPIService.js:3:13)
    at Object.<anonymous> (C:\roy-git\music-rank\apps\music\api\musicAPI.js:4:25)
    at Object.<anonymous> (C:\roy-git\music-rank\apps\music\api\index.js:5:18)
    at Object.<anonymous> (C:\roy-git\music-rank\app.js:10:24)
